[+] Containers:
 |- [+] Container: /Game/FirstPerson/Maps/FirstPersonMap
 |   |- [+] ActorDescs:
 |   |   |- Guid:08B5EFD84FAA8EF1CD9590B89F225813 NativeClass:/Script/Engine.StaticMeshActor Name:StaticMeshActor_UAID_9C6B001F5BBC2A8C02_1202204727 Label:SM_Cube4 SpatiallyLoaded:true EditorBounds:IsValid=true, Min=(X=1800.000 Y=-750.000 Z=-50.000), Max=(X=3857.148 Y=1750.000 Z=0.000) RuntimeBounds:IsValid=true, Min=(X=1800.000 Y=-750.000 Z=-50.000), Max=(X=3857.148 Y=1750.000 Z=0.000) RuntimeGrid:None EditorOnly:false RuntimeOnly:false HLODRelevant:true ListedInSceneOutliner:true IsMainWorldOnly:false FolderPath:Playground FolderGuid:CDC3EA2D424DF73175D386948543BF31
 |   |   |- Guid:09804DEC4E072BC817657EB614898328 NativeClass:/Script/Engine.TextRenderActor Name:TextRenderActor_UAID_9C6B001F5BBC2B8C02_1383941907 Label:TextRenderActor3 SpatiallyLoaded:true EditorBounds:IsValid=true, Min=(X=161.900 Y=112.000 Z=-117.987), Max=(X=417.900 Y=695.769 Z=138.013) RuntimeBounds:IsValid=true, Min=(X=214.900 Y=240.000 Z=10.013), Max=(X=364.900 Y=695.769 Z=10.013) RuntimeGrid:None EditorOnly:false RuntimeOnly:false HLODRelevant:false ListedInSceneOutliner:true IsMainWorldOnly:false
 |   |   |- Guid:09912794401EFC92B77A06B79C99EBC5 NativeClass:/Script/Engine.TextRenderActor Name:TextRenderActor_UAID_9C6B001F5BBC2B8C02_1396145908 Label:TextRenderActor4 SpatiallyLoaded:true EditorBounds:IsValid=true, Min=(X=2691.900 Y=2322.000 Z=-117.987), Max=(X=2947.900 Y=3269.231 Z=138.013) RuntimeBounds:IsValid=true, Min=(X=2744.900 Y=2450.000 Z=10.013), Max=(X=2894.900 Y=3269.231 Z=10.013) RuntimeGrid:None EditorOnly:false RuntimeOnly:false HLODRelevant:false ListedInSceneOutliner:true IsMainWorldOnly:false
 |   |   |- Guid:0A848AE84F86F0D3D38A18BC3AA6C297 NativeClass:/Script/Engine.StaticMeshActor Name:StaticMeshActor_UAID_9C6B001F5BBC2A8C02_1231915729 Label:SM_Cube8 SpatiallyLoaded:true EditorBounds:IsValid=true, Min=(X=1800.000 Y=1750.000 Z=-50.000), Max=(X=3850.000 Y=4100.000 Z=0.000) RuntimeBounds:IsValid=true, Min=(X=1800.000 Y=1750.000 Z=-50.000), Max=(X=3850.000 Y=4100.000 Z=0.000) RuntimeGrid:None EditorOnly:false RuntimeOnly:false HLODRelevant:true ListedInSceneOutliner:true IsMainWorldOnly:false FolderPath:Playground FolderGuid:CDC3EA2D424DF73175D386948543BF31
 |   |   |- Guid:13F40C7241F9A80D3E971DBC21FCAFB0 NativeClass:/Script/Engine.SkyAtmosphere Name:SkyAtmosphere_0 Label:SkyAtmosphere SpatiallyLoaded:false EditorBounds:IsValid=true, Min=(X=0.000 Y=0.000 Z=1020.000), Max=(X=0.000 Y=0.000 Z=1020.000) RuntimeBounds:IsValid=true, Min=(X=0.000 Y=0.000 Z=1020.000), Max=(X=0.000 Y=0.000 Z=1020.000) RuntimeGrid:None EditorOnly:false RuntimeOnly:false HLODRelevant:false ListedInSceneOutliner:true IsMainWorldOnly:false FolderPath:Lighting FolderGuid:D9E1224C415FCB205E4105B3245ADAAB
 |   |   |- Guid:22C4F1724348A3818BBA0A939CA01B63 NativeClass:/Script/Engine.WorldDataLayers Name:WorldDataLayers Label:WorldDataLayers-1 SpatiallyLoaded:false EditorBounds:IsValid=true, Min=(X=0.000 Y=0.000 Z=0.000), Max=(X=0.000 Y=0.000 Z=0.000) RuntimeBounds:IsValid=true, Min=(X=0.000 Y=0.000 Z=0.000), Max=(X=0.000 Y=0.000 Z=0.000) RuntimeGrid:None EditorOnly:false RuntimeOnly:false HLODRelevant:false ListedInSceneOutliner:true IsMainWorldOnly:true
 |   |   |- Guid:266836F144FA2767EA2991A084FC7C51 NativeClass:/Script/Engine.StaticMeshActor Name:StaticMeshActor_8 Label:SM_Cube6 SpatiallyLoaded:true EditorBounds:IsValid=true, Min=(X=3850.000 Y=100.000 Z=0.000), Max=(X=3950.000 Y=3400.000 Z=400.000) RuntimeBounds:IsValid=true, Min=(X=3850.000 Y=100.000 Z=0.000), Max=(X=3950.000 Y=3400.000 Z=400.000) RuntimeGrid:None EditorOnly:false RuntimeOnly:false HLODRelevant:true ListedInSceneOutliner:true IsMainWorldOnly:false FolderPath:Playground FolderGuid:CDC3EA2D424DF73175D386948543BF31
 |   |   |- Guid:3007062D43BFE1E83FE73F80FA13793A NativeClass:/Script/Engine.TextRenderActor Name:TextRenderActor_UAID_9C6B001F5BBC2B8C02_1605389910 Label:TextRenderActor6 SpatiallyLoaded:true EditorBounds:IsValid=true, Min=(X=1401.900 Y=792.000 Z=-117.987), Max=(X=1657.900 Y=2056.538 Z=138.013) RuntimeBounds:IsValid=true, Min=(X=1454.900 Y=920.000 Z=10.013), Max=(X=1604.900 Y=2056.538 Z=10.013) RuntimeGrid:None EditorOnly:false RuntimeOnly:false HLODRelevant:false ListedInSceneOutliner:true IsMainWorldOnly:false
 |   |   |- Guid:32361AEC4017FBD2B4209CAD12D26D55 NativeClass:/Script/Engine.StaticMeshActor Name:StaticMeshActor_UAID_9C6B001F5BBC2C8C02_2069170089 Label:SM_Cube11 SpatiallyLoaded:true EditorBounds:IsValid=true, Min=(X=-790.000 Y=1750.000 Z=-50.000), Max=(X=1260.000 Y=4100.000 Z=0.000) RuntimeBounds:IsValid=true, Min=(X=-790.000 Y=1750.000 Z=-50.000), Max=(X=1260.000 Y=4100.000 Z=0.000) RuntimeGrid:None EditorOnly:false RuntimeOnly:false HLODRelevant:true ListedInSceneOutliner:true IsMainWorldOnly:false FolderPath:Playground FolderGuid:CDC3EA2D424DF73175D386948543BF31
 |   |   |- Guid:36DA8D2C4B2585DD71BFF583CFB51CFA NativeClass:/Script/Engine.TextRenderActor Name:TextRenderActor_0 Label:TextRenderActor SpatiallyLoaded:true EditorBounds:IsValid=true, Min=(X=-1618.100 Y=972.000 Z=12.013), Max=(X=-1362.100 Y=2132.693 Z=268.013) RuntimeBounds:IsValid=true, Min=(X=-1490.100 Y=1100.000 Z=65.013), Max=(X=-1490.100 Y=2132.693 Z=215.013) RuntimeGrid:None EditorOnly:false RuntimeOnly:false HLODRelevant:false ListedInSceneOutliner:true IsMainWorldOnly:false
 |   |   |- Guid:52E74DF94E9EECAF9464C1BCB5227CCC NativeClass:/Script/Engine.StaticMeshActor Name:StaticMeshActor_3 Label:SM_Cube3 SpatiallyLoaded:true EditorBounds:IsValid=true, Min=(X=0.000 Y=4580.000 Z=0.000), Max=(X=3000.000 Y=4680.000 Z=400.000) RuntimeBounds:IsValid=true, Min=(X=0.000 Y=4580.000 Z=0.000), Max=(X=3000.000 Y=4680.000 Z=400.000) RuntimeGrid:None EditorOnly:false RuntimeOnly:false HLODRelevant:true ListedInSceneOutliner:true IsMainWorldOnly:false FolderPath:Playground FolderGuid:CDC3EA2D424DF73175D386948543BF31
 |   |   |- Guid:616554B84D9AF28DF69ABD8837FD26D7 NativeClass:/Script/Engine.ExponentialHeightFog Name:ExponentialHeightFog_0 Label:ExponentialHeightFog SpatiallyLoaded:false EditorBounds:IsValid=true, Min=(X=-5600.000 Y=-50.000 Z=-6850.000), Max=(X=-5600.000 Y=-50.000 Z=-6850.000) RuntimeBounds:IsValid=true, Min=(X=-5600.000 Y=-50.000 Z=-6850.000), Max=(X=-5600.000 Y=-50.000 Z=-6850.000) RuntimeGrid:None EditorOnly:false RuntimeOnly:false HLODRelevant:false ListedInSceneOutliner:true IsMainWorldOnly:false FolderPath:Lighting FolderGuid:D9E1224C415FCB205E4105B3245ADAAB
 |   |   |- Guid:6456ADDD428A590141FABFB9484712AA NativeClass:/Script/Engine.PostProcessVolume Name:PostProcessVolume_0 Label:PostProcessVolume SpatiallyLoaded:false EditorBounds:IsValid=true, Min=(X=0.000 Y=0.000 Z=400.000), Max=(X=200.000 Y=200.000 Z=600.000) RuntimeBounds:IsValid=true, Min=(X=0.000 Y=0.000 Z=400.000), Max=(X=200.000 Y=200.000 Z=600.000) RuntimeGrid:None EditorOnly:false RuntimeOnly:false HLODRelevant:false ListedInSceneOutliner:true IsMainWorldOnly:false FolderPath:Lighting FolderGuid:D9E1224C415FCB205E4105B3245ADAAB
 |   |   |- Guid:75854521468783C291995A8EFCB63F1B NativeClass:/Script/Engine.StaticMeshActor Name:StaticMeshActor_7 Label:SM_Cube5 SpatiallyLoaded:true EditorBounds:IsValid=true, Min=(X=-2080.000 Y=100.000 Z=0.000), Max=(X=-1980.000 Y=3550.000 Z=400.000) RuntimeBounds:IsValid=true, Min=(X=-2080.000 Y=100.000 Z=0.000), Max=(X=-1980.000 Y=3550.000 Z=400.000) RuntimeGrid:None EditorOnly:false RuntimeOnly:false HLODRelevant:true ListedInSceneOutliner:true IsMainWorldOnly:false FolderPath:Playground FolderGuid:CDC3EA2D424DF73175D386948543BF31
 |   |   |- Guid:7A699BF944F9DAC273FB4FAD2236D7F8 NativeClass:/Script/Engine.SkyLight Name:SkyLight_0 Label:SkyLight SpatiallyLoaded:false EditorBounds:IsValid=true, Min=(X=0.000 Y=0.000 Z=690.000), Max=(X=0.000 Y=0.000 Z=690.000) RuntimeBounds:IsValid=true, Min=(X=0.000 Y=0.000 Z=690.000), Max=(X=0.000 Y=0.000 Z=690.000) RuntimeGrid:None EditorOnly:false RuntimeOnly:false HLODRelevant:false ListedInSceneOutliner:true IsMainWorldOnly:false FolderPath:Lighting FolderGuid:D9E1224C415FCB205E4105B3245ADAAB
 |   |   |- Guid:7B33D2564307BB3A63D88F89F7E75FD6 NativeClass:/Script/Engine.StaticMeshActor Name:StaticMeshActor_UAID_9C6B001F5BBC2D8C02_1991881269 Label:SM_Cube12 SpatiallyLoaded:true EditorBounds:IsValid=true, Min=(X=-770.000 Y=1750.000 Z=640.000), Max=(X=3805.000 Y=4100.000 Z=690.000) RuntimeBounds:IsValid=true, Min=(X=-770.000 Y=1750.000 Z=640.000), Max=(X=3805.000 Y=4100.000 Z=690.000) RuntimeGrid:None EditorOnly:false RuntimeOnly:false HLODRelevant:true ListedInSceneOutliner:true IsMainWorldOnly:false FolderPath:Playground FolderGuid:CDC3EA2D424DF73175D386948543BF31
 |   |   |- Guid:843402EA4327BAA2FC1995B35B39E8A5 NativeClass:/Script/Engine.StaticMeshActor Name:StaticMeshActor_UAID_9C6B001F5BBC2C8C02_1843296088 Label:SM_Cube10 SpatiallyLoaded:true EditorBounds:IsValid=true, Min=(X=-790.000 Y=-750.000 Z=-50.000), Max=(X=1267.148 Y=1750.000 Z=0.000) RuntimeBounds:IsValid=true, Min=(X=-790.000 Y=-750.000 Z=-50.000), Max=(X=1267.148 Y=1750.000 Z=0.000) RuntimeGrid:None EditorOnly:false RuntimeOnly:false HLODRelevant:true ListedInSceneOutliner:true IsMainWorldOnly:false FolderPath:Playground FolderGuid:CDC3EA2D424DF73175D386948543BF31
 |   |   |- Guid:97FF78FB4EC8F13EF6751DB180B1CE46 NativeClass:/Script/Engine.DirectionalLight Name:DirectionalLight_0 Label:DirectionalLight SpatiallyLoaded:false EditorBounds:IsValid=true, Min=(X=-1048576.000 Y=-1048576.000 Z=-1048576.000), Max=(X=1048576.000 Y=1048576.000 Z=1048576.000) RuntimeBounds:IsValid=true, Min=(X=-1048576.000 Y=-1048576.000 Z=-1048576.000), Max=(X=1048576.000 Y=1048576.000 Z=1048576.000) RuntimeGrid:None EditorOnly:false RuntimeOnly:false HLODRelevant:false ListedInSceneOutliner:true IsMainWorldOnly:false FolderPath:Lighting FolderGuid:D9E1224C415FCB205E4105B3245ADAAB
 |   |   |- Guid:A193674B480A39A47551D39FB4DFCD99 NativeClass:/Script/Engine.StaticMeshActor Name:StaticMeshActor_UAID_A4AE111137DC5FFB00_1159438599 Label:SM_SkySphere SpatiallyLoaded:false EditorBounds:IsValid=true, Min=(X=-1638400.000 Y=-1638400.000 Z=-1638400.000), Max=(X=1638400.000 Y=1638400.000 Z=1638400.000) RuntimeBounds:IsValid=true, Min=(X=-1638400.000 Y=-1638400.000 Z=-1638400.000), Max=(X=1638400.000 Y=1638400.000 Z=1638400.000) RuntimeGrid:None EditorOnly:false RuntimeOnly:false HLODRelevant:true ListedInSceneOutliner:true IsMainWorldOnly:false FolderPath:Lighting FolderGuid:D9E1224C415FCB205E4105B3245ADAAB
 |   |   |- Guid:A5FCDC664219DC8AAD6D739ADEF9C627 NativeClass:/Script/Engine.PlayerStart Name:PlayerStart_0 Label:PlayerStart SpatiallyLoaded:false EditorBounds:IsValid=true, Min=(X=860.000 Y=810.000 Z=0.013), Max=(X=940.000 Y=890.000 Z=184.013) RuntimeBounds:IsValid=true, Min=(X=860.000 Y=810.000 Z=0.013), Max=(X=940.000 Y=890.000 Z=184.013) RuntimeGrid:None EditorOnly:false RuntimeOnly:false HLODRelevant:false ListedInSceneOutliner:true IsMainWorldOnly:false
 |   |   |- Guid:AE461095444B7CC097D64CBFAB6545EA NativeClass:/Script/Engine.TextRenderActor Name:TextRenderActor_UAID_9C6B001F5BBC2B8C02_1338454906 Label:TextRenderActor2 SpatiallyLoaded:true EditorBounds:IsValid=true, Min=(X=171.900 Y=2052.000 Z=-117.987), Max=(X=427.900 Y=2699.231 Z=138.013) RuntimeBounds:IsValid=true, Min=(X=224.900 Y=2180.000 Z=10.013), Max=(X=374.900 Y=2699.231 Z=10.013) RuntimeGrid:None EditorOnly:false RuntimeOnly:false HLODRelevant:false ListedInSceneOutliner:true IsMainWorldOnly:false
 |   |   |- Guid:B326783D46A6A43F55CCC9AB2A4C1863 NativeClass:/Script/Engine.VolumetricCloud Name:VolumetricCloud_0 Label:VolumetricCloud SpatiallyLoaded:false EditorBounds:IsValid=true, Min=(X=0.000 Y=0.000 Z=820.000), Max=(X=0.000 Y=0.000 Z=820.000) RuntimeBounds:IsValid=true, Min=(X=0.000 Y=0.000 Z=820.000), Max=(X=0.000 Y=0.000 Z=820.000) RuntimeGrid:None EditorOnly:false RuntimeOnly:false HLODRelevant:false ListedInSceneOutliner:true IsMainWorldOnly:false FolderPath:Lighting FolderGuid:D9E1224C415FCB205E4105B3245ADAAB
 |   |   |- Guid:CDC290334FAA2557343A1181CA8C7F4B NativeClass:/Script/Engine.StaticMeshActor Name:StaticMeshActor_2 Label:SM_Cube2 SpatiallyLoaded:true EditorBounds:IsValid=true, Min=(X=0.000 Y=-1090.000 Z=0.000), Max=(X=3000.000 Y=-990.000 Z=400.000) RuntimeBounds:IsValid=true, Min=(X=0.000 Y=-1090.000 Z=0.000), Max=(X=3000.000 Y=-990.000 Z=400.000) RuntimeGrid:None EditorOnly:false RuntimeOnly:false HLODRelevant:true ListedInSceneOutliner:true IsMainWorldOnly:false FolderPath:Playground FolderGuid:CDC3EA2D424DF73175D386948543BF31
 |   |   |- Guid:E536511C47C5E669039F0B92F458886E NativeClass:/Script/Engine.TextRenderActor Name:TextRenderActor_UAID_9C6B001F5BBC2B8C02_1413795909 Label:TextRenderActor5 SpatiallyLoaded:true EditorBounds:IsValid=true, Min=(X=2671.900 Y=52.000 Z=-117.987), Max=(X=2927.900 Y=1074.231 Z=138.013) RuntimeBounds:IsValid=true, Min=(X=2724.900 Y=180.000 Z=10.013), Max=(X=2874.900 Y=1074.231 Z=10.013) RuntimeGrid:None EditorOnly:false RuntimeOnly:false HLODRelevant:false ListedInSceneOutliner:true IsMainWorldOnly:false
 |   |   |- Guid:E72B8717434237F5A60F0BB1748EFA27 NativeClass:/Script/Engine.StaticMeshActor Name:StaticMeshActor_UAID_9C6B001F5BBC2C8C02_1115736087 Label:SM_Cube9 SpatiallyLoaded:true EditorBounds:IsValid=true, Min=(X=1260.000 Y=-750.000 Z=-50.000), Max=(X=1810.000 Y=4100.000 Z=0.000) RuntimeBounds:IsValid=true, Min=(X=1260.000 Y=-750.000 Z=-50.000), Max=(X=1810.000 Y=4100.000 Z=0.000) RuntimeGrid:None EditorOnly:false RuntimeOnly:false HLODRelevant:true ListedInSceneOutliner:true IsMainWorldOnly:false FolderPath:Playground FolderGuid:CDC3EA2D424DF73175D386948543BF31
 |   |- [+] Clusters:
 |   |   |- [+] [  0]
 |   |   |   |- Guid:08B5EFD84FAA8EF1CD9590B89F225813 NativeClass:/Script/Engine.StaticMeshActor Name:StaticMeshActor_UAID_9C6B001F5BBC2A8C02_1202204727 Label:SM_Cube4 SpatiallyLoaded:true EditorBounds:IsValid=true, Min=(X=1800.000 Y=-750.000 Z=-50.000), Max=(X=3857.148 Y=1750.000 Z=0.000) RuntimeBounds:IsValid=true, Min=(X=1800.000 Y=-750.000 Z=-50.000), Max=(X=3857.148 Y=1750.000 Z=0.000) RuntimeGrid:None EditorOnly:false RuntimeOnly:false HLODRelevant:true ListedInSceneOutliner:true IsMainWorldOnly:false FolderPath:Playground FolderGuid:CDC3EA2D424DF73175D386948543BF31
 |   |   |- [+] [  1]
 |   |   |   |- Guid:09804DEC4E072BC817657EB614898328 NativeClass:/Script/Engine.TextRenderActor Name:TextRenderActor_UAID_9C6B001F5BBC2B8C02_1383941907 Label:TextRenderActor3 SpatiallyLoaded:true EditorBounds:IsValid=true, Min=(X=161.900 Y=112.000 Z=-117.987), Max=(X=417.900 Y=695.769 Z=138.013) RuntimeBounds:IsValid=true, Min=(X=214.900 Y=240.000 Z=10.013), Max=(X=364.900 Y=695.769 Z=10.013) RuntimeGrid:None EditorOnly:false RuntimeOnly:false HLODRelevant:false ListedInSceneOutliner:true IsMainWorldOnly:false
 |   |   |- [+] [  2]
 |   |   |   |- Guid:09912794401EFC92B77A06B79C99EBC5 NativeClass:/Script/Engine.TextRenderActor Name:TextRenderActor_UAID_9C6B001F5BBC2B8C02_1396145908 Label:TextRenderActor4 SpatiallyLoaded:true EditorBounds:IsValid=true, Min=(X=2691.900 Y=2322.000 Z=-117.987), Max=(X=2947.900 Y=3269.231 Z=138.013) RuntimeBounds:IsValid=true, Min=(X=2744.900 Y=2450.000 Z=10.013), Max=(X=2894.900 Y=3269.231 Z=10.013) RuntimeGrid:None EditorOnly:false RuntimeOnly:false HLODRelevant:false ListedInSceneOutliner:true IsMainWorldOnly:false
 |   |   |- [+] [  3]
 |   |   |   |- Guid:0A848AE84F86F0D3D38A18BC3AA6C297 NativeClass:/Script/Engine.StaticMeshActor Name:StaticMeshActor_UAID_9C6B001F5BBC2A8C02_1231915729 Label:SM_Cube8 SpatiallyLoaded:true EditorBounds:IsValid=true, Min=(X=1800.000 Y=1750.000 Z=-50.000), Max=(X=3850.000 Y=4100.000 Z=0.000) RuntimeBounds:IsValid=true, Min=(X=1800.000 Y=1750.000 Z=-50.000), Max=(X=3850.000 Y=4100.000 Z=0.000) RuntimeGrid:None EditorOnly:false RuntimeOnly:false HLODRelevant:true ListedInSceneOutliner:true IsMainWorldOnly:false FolderPath:Playground FolderGuid:CDC3EA2D424DF73175D386948543BF31
 |   |   |- [+] [  4]
 |   |   |   |- Guid:13F40C7241F9A80D3E971DBC21FCAFB0 NativeClass:/Script/Engine.SkyAtmosphere Name:SkyAtmosphere_0 Label:SkyAtmosphere SpatiallyLoaded:false EditorBounds:IsValid=true, Min=(X=0.000 Y=0.000 Z=1020.000), Max=(X=0.000 Y=0.000 Z=1020.000) RuntimeBounds:IsValid=true, Min=(X=0.000 Y=0.000 Z=1020.000), Max=(X=0.000 Y=0.000 Z=1020.000) RuntimeGrid:None EditorOnly:false RuntimeOnly:false HLODRelevant:false ListedInSceneOutliner:true IsMainWorldOnly:false FolderPath:Lighting FolderGuid:D9E1224C415FCB205E4105B3245ADAAB
 |   |   |- [+] [  5]
 |   |   |   |- Guid:22C4F1724348A3818BBA0A939CA01B63 NativeClass:/Script/Engine.WorldDataLayers Name:WorldDataLayers Label:WorldDataLayers-1 SpatiallyLoaded:false EditorBounds:IsValid=true, Min=(X=0.000 Y=0.000 Z=0.000), Max=(X=0.000 Y=0.000 Z=0.000) RuntimeBounds:IsValid=true, Min=(X=0.000 Y=0.000 Z=0.000), Max=(X=0.000 Y=0.000 Z=0.000) RuntimeGrid:None EditorOnly:false RuntimeOnly:false HLODRelevant:false ListedInSceneOutliner:true IsMainWorldOnly:true
 |   |   |- [+] [  6]
 |   |   |   |- Guid:266836F144FA2767EA2991A084FC7C51 NativeClass:/Script/Engine.StaticMeshActor Name:StaticMeshActor_8 Label:SM_Cube6 SpatiallyLoaded:true EditorBounds:IsValid=true, Min=(X=3850.000 Y=100.000 Z=0.000), Max=(X=3950.000 Y=3400.000 Z=400.000) RuntimeBounds:IsValid=true, Min=(X=3850.000 Y=100.000 Z=0.000), Max=(X=3950.000 Y=3400.000 Z=400.000) RuntimeGrid:None EditorOnly:false RuntimeOnly:false HLODRelevant:true ListedInSceneOutliner:true IsMainWorldOnly:false FolderPath:Playground FolderGuid:CDC3EA2D424DF73175D386948543BF31
 |   |   |- [+] [  7]
 |   |   |   |- Guid:3007062D43BFE1E83FE73F80FA13793A NativeClass:/Script/Engine.TextRenderActor Name:TextRenderActor_UAID_9C6B001F5BBC2B8C02_1605389910 Label:TextRenderActor6 SpatiallyLoaded:true EditorBounds:IsValid=true, Min=(X=1401.900 Y=792.000 Z=-117.987), Max=(X=1657.900 Y=2056.538 Z=138.013) RuntimeBounds:IsValid=true, Min=(X=1454.900 Y=920.000 Z=10.013), Max=(X=1604.900 Y=2056.538 Z=10.013) RuntimeGrid:None EditorOnly:false RuntimeOnly:false HLODRelevant:false ListedInSceneOutliner:true IsMainWorldOnly:false
 |   |   |- [+] [  8]
 |   |   |   |- Guid:32361AEC4017FBD2B4209CAD12D26D55 NativeClass:/Script/Engine.StaticMeshActor Name:StaticMeshActor_UAID_9C6B001F5BBC2C8C02_2069170089 Label:SM_Cube11 SpatiallyLoaded:true EditorBounds:IsValid=true, Min=(X=-790.000 Y=1750.000 Z=-50.000), Max=(X=1260.000 Y=4100.000 Z=0.000) RuntimeBounds:IsValid=true, Min=(X=-790.000 Y=1750.000 Z=-50.000), Max=(X=1260.000 Y=4100.000 Z=0.000) RuntimeGrid:None EditorOnly:false RuntimeOnly:false HLODRelevant:true ListedInSceneOutliner:true IsMainWorldOnly:false FolderPath:Playground FolderGuid:CDC3EA2D424DF73175D386948543BF31
 |   |   |- [+] [  9]
 |   |   |   |- Guid:36DA8D2C4B2585DD71BFF583CFB51CFA NativeClass:/Script/Engine.TextRenderActor Name:TextRenderActor_0 Label:TextRenderActor SpatiallyLoaded:true EditorBounds:IsValid=true, Min=(X=-1618.100 Y=972.000 Z=12.013), Max=(X=-1362.100 Y=2132.693 Z=268.013) RuntimeBounds:IsValid=true, Min=(X=-1490.100 Y=1100.000 Z=65.013), Max=(X=-1490.100 Y=2132.693 Z=215.013) RuntimeGrid:None EditorOnly:false RuntimeOnly:false HLODRelevant:false ListedInSceneOutliner:true IsMainWorldOnly:false
 |   |   |- [+] [ 10]
 |   |   |   |- Guid:52E74DF94E9EECAF9464C1BCB5227CCC NativeClass:/Script/Engine.StaticMeshActor Name:StaticMeshActor_3 Label:SM_Cube3 SpatiallyLoaded:true EditorBounds:IsValid=true, Min=(X=0.000 Y=4580.000 Z=0.000), Max=(X=3000.000 Y=4680.000 Z=400.000) RuntimeBounds:IsValid=true, Min=(X=0.000 Y=4580.000 Z=0.000), Max=(X=3000.000 Y=4680.000 Z=400.000) RuntimeGrid:None EditorOnly:false RuntimeOnly:false HLODRelevant:true ListedInSceneOutliner:true IsMainWorldOnly:false FolderPath:Playground FolderGuid:CDC3EA2D424DF73175D386948543BF31
 |   |   |- [+] [ 11]
 |   |   |   |- Guid:616554B84D9AF28DF69ABD8837FD26D7 NativeClass:/Script/Engine.ExponentialHeightFog Name:ExponentialHeightFog_0 Label:ExponentialHeightFog SpatiallyLoaded:false EditorBounds:IsValid=true, Min=(X=-5600.000 Y=-50.000 Z=-6850.000), Max=(X=-5600.000 Y=-50.000 Z=-6850.000) RuntimeBounds:IsValid=true, Min=(X=-5600.000 Y=-50.000 Z=-6850.000), Max=(X=-5600.000 Y=-50.000 Z=-6850.000) RuntimeGrid:None EditorOnly:false RuntimeOnly:false HLODRelevant:false ListedInSceneOutliner:true IsMainWorldOnly:false FolderPath:Lighting FolderGuid:D9E1224C415FCB205E4105B3245ADAAB
 |   |   |- [+] [ 12]
 |   |   |   |- Guid:6456ADDD428A590141FABFB9484712AA NativeClass:/Script/Engine.PostProcessVolume Name:PostProcessVolume_0 Label:PostProcessVolume SpatiallyLoaded:false EditorBounds:IsValid=true, Min=(X=0.000 Y=0.000 Z=400.000), Max=(X=200.000 Y=200.000 Z=600.000) RuntimeBounds:IsValid=true, Min=(X=0.000 Y=0.000 Z=400.000), Max=(X=200.000 Y=200.000 Z=600.000) RuntimeGrid:None EditorOnly:false RuntimeOnly:false HLODRelevant:false ListedInSceneOutliner:true IsMainWorldOnly:false FolderPath:Lighting FolderGuid:D9E1224C415FCB205E4105B3245ADAAB
 |   |   |- [+] [ 13]
 |   |   |   |- Guid:75854521468783C291995A8EFCB63F1B NativeClass:/Script/Engine.StaticMeshActor Name:StaticMeshActor_7 Label:SM_Cube5 SpatiallyLoaded:true EditorBounds:IsValid=true, Min=(X=-2080.000 Y=100.000 Z=0.000), Max=(X=-1980.000 Y=3550.000 Z=400.000) RuntimeBounds:IsValid=true, Min=(X=-2080.000 Y=100.000 Z=0.000), Max=(X=-1980.000 Y=3550.000 Z=400.000) RuntimeGrid:None EditorOnly:false RuntimeOnly:false HLODRelevant:true ListedInSceneOutliner:true IsMainWorldOnly:false FolderPath:Playground FolderGuid:CDC3EA2D424DF73175D386948543BF31
 |   |   |- [+] [ 14]
 |   |   |   |- Guid:7A699BF944F9DAC273FB4FAD2236D7F8 NativeClass:/Script/Engine.SkyLight Name:SkyLight_0 Label:SkyLight SpatiallyLoaded:false EditorBounds:IsValid=true, Min=(X=0.000 Y=0.000 Z=690.000), Max=(X=0.000 Y=0.000 Z=690.000) RuntimeBounds:IsValid=true, Min=(X=0.000 Y=0.000 Z=690.000), Max=(X=0.000 Y=0.000 Z=690.000) RuntimeGrid:None EditorOnly:false RuntimeOnly:false HLODRelevant:false ListedInSceneOutliner:true IsMainWorldOnly:false FolderPath:Lighting FolderGuid:D9E1224C415FCB205E4105B3245ADAAB
 |   |   |- [+] [ 15]
 |   |   |   |- Guid:7B33D2564307BB3A63D88F89F7E75FD6 NativeClass:/Script/Engine.StaticMeshActor Name:StaticMeshActor_UAID_9C6B001F5BBC2D8C02_1991881269 Label:SM_Cube12 SpatiallyLoaded:true EditorBounds:IsValid=true, Min=(X=-770.000 Y=1750.000 Z=640.000), Max=(X=3805.000 Y=4100.000 Z=690.000) RuntimeBounds:IsValid=true, Min=(X=-770.000 Y=1750.000 Z=640.000), Max=(X=3805.000 Y=4100.000 Z=690.000) RuntimeGrid:None EditorOnly:false RuntimeOnly:false HLODRelevant:true ListedInSceneOutliner:true IsMainWorldOnly:false FolderPath:Playground FolderGuid:CDC3EA2D424DF73175D386948543BF31
 |   |   |- [+] [ 16]
 |   |   |   |- Guid:843402EA4327BAA2FC1995B35B39E8A5 NativeClass:/Script/Engine.StaticMeshActor Name:StaticMeshActor_UAID_9C6B001F5BBC2C8C02_1843296088 Label:SM_Cube10 SpatiallyLoaded:true EditorBounds:IsValid=true, Min=(X=-790.000 Y=-750.000 Z=-50.000), Max=(X=1267.148 Y=1750.000 Z=0.000) RuntimeBounds:IsValid=true, Min=(X=-790.000 Y=-750.000 Z=-50.000), Max=(X=1267.148 Y=1750.000 Z=0.000) RuntimeGrid:None EditorOnly:false RuntimeOnly:false HLODRelevant:true ListedInSceneOutliner:true IsMainWorldOnly:false FolderPath:Playground FolderGuid:CDC3EA2D424DF73175D386948543BF31
 |   |   |- [+] [ 17]
 |   |   |   |- Guid:97FF78FB4EC8F13EF6751DB180B1CE46 NativeClass:/Script/Engine.DirectionalLight Name:DirectionalLight_0 Label:DirectionalLight SpatiallyLoaded:false EditorBounds:IsValid=true, Min=(X=-1048576.000 Y=-1048576.000 Z=-1048576.000), Max=(X=1048576.000 Y=1048576.000 Z=1048576.000) RuntimeBounds:IsValid=true, Min=(X=-1048576.000 Y=-1048576.000 Z=-1048576.000), Max=(X=1048576.000 Y=1048576.000 Z=1048576.000) RuntimeGrid:None EditorOnly:false RuntimeOnly:false HLODRelevant:false ListedInSceneOutliner:true IsMainWorldOnly:false FolderPath:Lighting FolderGuid:D9E1224C415FCB205E4105B3245ADAAB
 |   |   |- [+] [ 18]
 |   |   |   |- Guid:A193674B480A39A47551D39FB4DFCD99 NativeClass:/Script/Engine.StaticMeshActor Name:StaticMeshActor_UAID_A4AE111137DC5FFB00_1159438599 Label:SM_SkySphere SpatiallyLoaded:false EditorBounds:IsValid=true, Min=(X=-1638400.000 Y=-1638400.000 Z=-1638400.000), Max=(X=1638400.000 Y=1638400.000 Z=1638400.000) RuntimeBounds:IsValid=true, Min=(X=-1638400.000 Y=-1638400.000 Z=-1638400.000), Max=(X=1638400.000 Y=1638400.000 Z=1638400.000) RuntimeGrid:None EditorOnly:false RuntimeOnly:false HLODRelevant:true ListedInSceneOutliner:true IsMainWorldOnly:false FolderPath:Lighting FolderGuid:D9E1224C415FCB205E4105B3245ADAAB
 |   |   |- [+] [ 19]
 |   |   |   |- Guid:A5FCDC664219DC8AAD6D739ADEF9C627 NativeClass:/Script/Engine.PlayerStart Name:PlayerStart_0 Label:PlayerStart SpatiallyLoaded:false EditorBounds:IsValid=true, Min=(X=860.000 Y=810.000 Z=0.013), Max=(X=940.000 Y=890.000 Z=184.013) RuntimeBounds:IsValid=true, Min=(X=860.000 Y=810.000 Z=0.013), Max=(X=940.000 Y=890.000 Z=184.013) RuntimeGrid:None EditorOnly:false RuntimeOnly:false HLODRelevant:false ListedInSceneOutliner:true IsMainWorldOnly:false
 |   |   |- [+] [ 20]
 |   |   |   |- Guid:AE461095444B7CC097D64CBFAB6545EA NativeClass:/Script/Engine.TextRenderActor Name:TextRenderActor_UAID_9C6B001F5BBC2B8C02_1338454906 Label:TextRenderActor2 SpatiallyLoaded:true EditorBounds:IsValid=true, Min=(X=171.900 Y=2052.000 Z=-117.987), Max=(X=427.900 Y=2699.231 Z=138.013) RuntimeBounds:IsValid=true, Min=(X=224.900 Y=2180.000 Z=10.013), Max=(X=374.900 Y=2699.231 Z=10.013) RuntimeGrid:None EditorOnly:false RuntimeOnly:false HLODRelevant:false ListedInSceneOutliner:true IsMainWorldOnly:false
 |   |   |- [+] [ 21]
 |   |   |   |- Guid:B326783D46A6A43F55CCC9AB2A4C1863 NativeClass:/Script/Engine.VolumetricCloud Name:VolumetricCloud_0 Label:VolumetricCloud SpatiallyLoaded:false EditorBounds:IsValid=true, Min=(X=0.000 Y=0.000 Z=820.000), Max=(X=0.000 Y=0.000 Z=820.000) RuntimeBounds:IsValid=true, Min=(X=0.000 Y=0.000 Z=820.000), Max=(X=0.000 Y=0.000 Z=820.000) RuntimeGrid:None EditorOnly:false RuntimeOnly:false HLODRelevant:false ListedInSceneOutliner:true IsMainWorldOnly:false FolderPath:Lighting FolderGuid:D9E1224C415FCB205E4105B3245ADAAB
 |   |   |- [+] [ 22]
 |   |   |   |- Guid:CDC290334FAA2557343A1181CA8C7F4B NativeClass:/Script/Engine.StaticMeshActor Name:StaticMeshActor_2 Label:SM_Cube2 SpatiallyLoaded:true EditorBounds:IsValid=true, Min=(X=0.000 Y=-1090.000 Z=0.000), Max=(X=3000.000 Y=-990.000 Z=400.000) RuntimeBounds:IsValid=true, Min=(X=0.000 Y=-1090.000 Z=0.000), Max=(X=3000.000 Y=-990.000 Z=400.000) RuntimeGrid:None EditorOnly:false RuntimeOnly:false HLODRelevant:true ListedInSceneOutliner:true IsMainWorldOnly:false FolderPath:Playground FolderGuid:CDC3EA2D424DF73175D386948543BF31
 |   |   |- [+] [ 23]
 |   |   |   |- Guid:E536511C47C5E669039F0B92F458886E NativeClass:/Script/Engine.TextRenderActor Name:TextRenderActor_UAID_9C6B001F5BBC2B8C02_1413795909 Label:TextRenderActor5 SpatiallyLoaded:true EditorBounds:IsValid=true, Min=(X=2671.900 Y=52.000 Z=-117.987), Max=(X=2927.900 Y=1074.231 Z=138.013) RuntimeBounds:IsValid=true, Min=(X=2724.900 Y=180.000 Z=10.013), Max=(X=2874.900 Y=1074.231 Z=10.013) RuntimeGrid:None EditorOnly:false RuntimeOnly:false HLODRelevant:false ListedInSceneOutliner:true IsMainWorldOnly:false
 |   |   |- [+] [ 24]
 |   |   |   |- Guid:E72B8717434237F5A60F0BB1748EFA27 NativeClass:/Script/Engine.StaticMeshActor Name:StaticMeshActor_UAID_9C6B001F5BBC2C8C02_1115736087 Label:SM_Cube9 SpatiallyLoaded:true EditorBounds:IsValid=true, Min=(X=1260.000 Y=-750.000 Z=-50.000), Max=(X=1810.000 Y=4100.000 Z=0.000) RuntimeBounds:IsValid=true, Min=(X=1260.000 Y=-750.000 Z=-50.000), Max=(X=1810.000 Y=4100.000 Z=0.000) RuntimeGrid:None EditorOnly:false RuntimeOnly:false HLODRelevant:true ListedInSceneOutliner:true IsMainWorldOnly:false FolderPath:Playground FolderGuid:CDC3EA2D424DF73175D386948543BF31
 |- ContainerInstances:
 |- [+] MainContainer:
 |   |-        ID: 00000000000000000000000000000000
 |   |-  ParentID: 00000000000000000000000000000000
 |   |-    Bounds: IsValid=false, Min=(X=0.000 Y=0.000 Z=0.000), Max=(X=0.000 Y=0.000 Z=0.000)
 |   |- Transform: 0.000000,0.000000,0.000000|0.000000,0.000000,-0.000000|1.000000,1.000000,1.000000
 |   |- Container: /Game/FirstPerson/Maps/FirstPersonMap
----------------------------------------------------------------------------------------------------------------
FirstPersonMap - Persistent Level
----------------------------------------------------------------------------------------------------------------
[+] Content of FirstPersonMap Persistent Level
 |- Always loaded Actor Count: 25 
 |- Actor Path: /Game/FirstPerson/Maps/FirstPersonMap.FirstPersonMap:PersistentLevel.DirectionalLight_0
 |- Actor Package: /Game/__ExternalActors__/FirstPerson/Maps/FirstPersonMap/A/KU/12YG9I1QW2GU72MG8QQX1K
 |- Actor Path: /Game/FirstPerson/Maps/FirstPersonMap.FirstPersonMap:PersistentLevel.ExponentialHeightFog_0
 |- Actor Package: /Game/__ExternalActors__/FirstPerson/Maps/FirstPersonMap/0/CL/381LM03PFI8AF9NED1SEV2
 |- Actor Path: /Game/FirstPerson/Maps/FirstPersonMap.FirstPersonMap:PersistentLevel.PlayerStart_0
 |- Actor Package: /Game/__ExternalActors__/FirstPerson/Maps/FirstPersonMap/8/Z7/W1SXRCM1KAKBJOIZDLHZ47
 |- Actor Path: /Game/FirstPerson/Maps/FirstPersonMap.FirstPersonMap:PersistentLevel.PostProcessVolume_0
 |- Actor Package: /Game/__ExternalActors__/FirstPerson/Maps/FirstPersonMap/E/MX/R1GV431P5FDO08OFULRA01
 |- Actor Path: /Game/FirstPerson/Maps/FirstPersonMap.FirstPersonMap:PersistentLevel.SkyAtmosphere_0
 |- Actor Package: /Game/__ExternalActors__/FirstPerson/Maps/FirstPersonMap/C/VO/VMN4G7K3NKKV6F8HTPHHDB
 |- Actor Path: /Game/FirstPerson/Maps/FirstPersonMap.FirstPersonMap:PersistentLevel.SkyLight_0
 |- Actor Package: /Game/__ExternalActors__/FirstPerson/Maps/FirstPersonMap/6/0Z/5RQIHCZ9W3UXRGL4LTLQAK
 |- Actor Path: /Game/FirstPerson/Maps/FirstPersonMap.FirstPersonMap:PersistentLevel.StaticMeshActor_2
 |- Actor Package: /Game/__ExternalActors__/FirstPerson/Maps/FirstPersonMap/7/I8/LH9T10MU22N3EEPTZ4GAFC
 |- Actor Path: /Game/FirstPerson/Maps/FirstPersonMap.FirstPersonMap:PersistentLevel.StaticMeshActor_3
 |- Actor Package: /Game/__ExternalActors__/FirstPerson/Maps/FirstPersonMap/3/AI/0XWE3RNM2XQC0ST1KXG02O
 |- Actor Path: /Game/FirstPerson/Maps/FirstPersonMap.FirstPersonMap:PersistentLevel.StaticMeshActor_7
 |- Actor Package: /Game/__ExternalActors__/FirstPerson/Maps/FirstPersonMap/0/XV/VTAF5COFGLO9YT51MQCVTR
 |- Actor Path: /Game/FirstPerson/Maps/FirstPersonMap.FirstPersonMap:PersistentLevel.StaticMeshActor_8
 |- Actor Package: /Game/__ExternalActors__/FirstPerson/Maps/FirstPersonMap/8/SZ/D1AHM62WL9TXSNPYQDXQMZ
 |- Actor Path: /Game/FirstPerson/Maps/FirstPersonMap.FirstPersonMap:PersistentLevel.StaticMeshActor_UAID_9C6B001F5BBC2A8C02_1202204727
 |- Actor Package: /Game/__ExternalActors__/FirstPerson/Maps/FirstPersonMap/5/4X/0WK0B0ZLFVMB500TE6701O
 |- Actor Path: /Game/FirstPerson/Maps/FirstPersonMap.FirstPersonMap:PersistentLevel.StaticMeshActor_UAID_9C6B001F5BBC2A8C02_1231915729
 |- Actor Package: /Game/__ExternalActors__/FirstPerson/Maps/FirstPersonMap/E/PN/95IW53YAN0CG82W6C2SP10
 |- Actor Path: /Game/FirstPerson/Maps/FirstPersonMap.FirstPersonMap:PersistentLevel.StaticMeshActor_UAID_9C6B001F5BBC2C8C02_1115736087
 |- Actor Package: /Game/__ExternalActors__/FirstPerson/Maps/FirstPersonMap/B/KD/QIK5YB94S1G96SWVVZ7ZMF
 |- Actor Path: /Game/FirstPerson/Maps/FirstPersonMap.FirstPersonMap:PersistentLevel.StaticMeshActor_UAID_9C6B001F5BBC2C8C02_1843296088
 |- Actor Package: /Game/__ExternalActors__/FirstPerson/Maps/FirstPersonMap/2/MZ/LEMQD1OPEKC8EN2WH43LQ5
 |- Actor Path: /Game/FirstPerson/Maps/FirstPersonMap.FirstPersonMap:PersistentLevel.StaticMeshActor_UAID_9C6B001F5BBC2C8C02_2069170089
 |- Actor Package: /Game/__ExternalActors__/FirstPerson/Maps/FirstPersonMap/4/C8/KXYHDJ9XZTZ4COR8WC7374
 |- Actor Path: /Game/FirstPerson/Maps/FirstPersonMap.FirstPersonMap:PersistentLevel.StaticMeshActor_UAID_9C6B001F5BBC2D8C02_1991881269
 |- Actor Package: /Game/__ExternalActors__/FirstPerson/Maps/FirstPersonMap/0/XD/R43D14LQSI2P4D09LWC7GV
 |- Actor Path: /Game/FirstPerson/Maps/FirstPersonMap.FirstPersonMap:PersistentLevel.StaticMeshActor_UAID_A4AE111137DC5FFB00_1159438599
 |- Actor Package: /Game/__ExternalActors__/FirstPerson/Maps/FirstPersonMap/8/N6/7HWHBG6K5ONLNTKPMLXMYR
 |- Actor Path: /Game/FirstPerson/Maps/FirstPersonMap.FirstPersonMap:PersistentLevel.TextRenderActor_0
 |- Actor Package: /Game/__ExternalActors__/FirstPerson/Maps/FirstPersonMap/5/W4/MXSOOLN47B2MJB5ZNQINHQ
 |- Actor Path: /Game/FirstPerson/Maps/FirstPersonMap.FirstPersonMap:PersistentLevel.TextRenderActor_UAID_9C6B001F5BBC2B8C02_1338454906
 |- Actor Package: /Game/__ExternalActors__/FirstPerson/Maps/FirstPersonMap/B/NM/H0SOAZT629MENVMSG02BAB
 |- Actor Path: /Game/FirstPerson/Maps/FirstPersonMap.FirstPersonMap:PersistentLevel.TextRenderActor_UAID_9C6B001F5BBC2B8C02_1383941907
 |- Actor Package: /Game/__ExternalActors__/FirstPerson/Maps/FirstPersonMap/7/JX/6QC352P8KSNC7OCSIUOXFD
 |- Actor Path: /Game/FirstPerson/Maps/FirstPersonMap.FirstPersonMap:PersistentLevel.TextRenderActor_UAID_9C6B001F5BBC2B8C02_1396145908
 |- Actor Package: /Game/__ExternalActors__/FirstPerson/Maps/FirstPersonMap/7/GS/ZTARTG3NW42QSZS1FEEMXF
 |- Actor Path: /Game/FirstPerson/Maps/FirstPersonMap.FirstPersonMap:PersistentLevel.TextRenderActor_UAID_9C6B001F5BBC2B8C02_1413795909
 |- Actor Package: /Game/__ExternalActors__/FirstPerson/Maps/FirstPersonMap/5/5C/73H6MQ058GTRK4T52JPX8N
 |- Actor Path: /Game/FirstPerson/Maps/FirstPersonMap.FirstPersonMap:PersistentLevel.TextRenderActor_UAID_9C6B001F5BBC2B8C02_1605389910
 |- Actor Package: /Game/__ExternalActors__/FirstPerson/Maps/FirstPersonMap/B/3O/UA1G5SCH0R56VJRD92UGIW
 |- Actor Path: /Game/FirstPerson/Maps/FirstPersonMap.FirstPersonMap:PersistentLevel.VolumetricCloud_0
 |- Actor Package: /Game/__ExternalActors__/FirstPerson/Maps/FirstPersonMap/0/GO/I8WEFD3RY9V3NVQLSU6QM4
 |- Actor Path: /Game/FirstPerson/Maps/FirstPersonMap.FirstPersonMap:PersistentLevel.WorldDataLayers
 |- Actor Package: /Game/__ExternalActors__/FirstPerson/Maps/FirstPersonMap/D/0W/E1FKEGVKGOLM7HGLQPCIPO

----------------------------------------------------------------------------------------------------------------
FirstPersonMap - Runtime Hash Set
----------------------------------------------------------------------------------------------------------------

